Started at Wed Mar 02 21:04:32 UTC 2022
Processing cproject
Offering cproject to Project Build Discarder
Processing javaproject
Offering javaproject to Project Build Discarder
Finished at Wed Mar 02 21:04:32 UTC 2022. 4ms
Started at Wed Mar 02 22:04:32 UTC 2022
Processing cproject
Offering cproject to Project Build Discarder
Processing javaproject
Offering javaproject to Project Build Discarder
Finished at Wed Mar 02 22:04:32 UTC 2022. 1ms
Started at Wed Mar 02 23:04:32 UTC 2022
Processing cproject
Offering cproject to Project Build Discarder
Processing javaproject
Offering javaproject to Project Build Discarder
Finished at Wed Mar 02 23:04:32 UTC 2022. 1ms
Started at Thu Mar 03 00:04:32 UTC 2022
Processing cproject
Offering cproject to Project Build Discarder
Processing javaproject
Offering javaproject to Project Build Discarder
Finished at Thu Mar 03 00:04:32 UTC 2022. 1ms
Started at Thu Mar 03 01:04:32 UTC 2022
Processing cproject
Offering cproject to Project Build Discarder
Processing javaproject
Offering javaproject to Project Build Discarder
Finished at Thu Mar 03 01:04:32 UTC 2022. 1ms
Started at Thu Mar 03 02:04:32 UTC 2022
Processing cproject
Offering cproject to Project Build Discarder
Processing javaproject
Offering javaproject to Project Build Discarder
Finished at Thu Mar 03 02:04:32 UTC 2022. 1ms
Started at Thu Mar 03 03:04:32 UTC 2022
Processing cproject
Offering cproject to Project Build Discarder
Processing javaproject
Offering javaproject to Project Build Discarder
Finished at Thu Mar 03 03:04:32 UTC 2022. 1ms
Started at Thu Mar 03 04:04:32 UTC 2022
Processing cproject
Offering cproject to Project Build Discarder
Processing javaproject
Offering javaproject to Project Build Discarder
Finished at Thu Mar 03 04:04:32 UTC 2022. 1ms
Started at Thu Mar 03 05:04:32 UTC 2022
Processing cproject
Offering cproject to Project Build Discarder
Processing javaproject
Offering javaproject to Project Build Discarder
Finished at Thu Mar 03 05:04:32 UTC 2022. 1ms
Started at Thu Mar 03 06:04:32 UTC 2022
Processing cproject
Offering cproject to Project Build Discarder
Processing javaproject
Offering javaproject to Project Build Discarder
Finished at Thu Mar 03 06:04:32 UTC 2022. 1ms
Started at Thu Mar 03 07:04:32 UTC 2022
Processing cproject
Offering cproject to Project Build Discarder
Processing javaproject
Offering javaproject to Project Build Discarder
Finished at Thu Mar 03 07:04:32 UTC 2022. 1ms
Started at Thu Mar 03 08:04:32 UTC 2022
Processing cproject
Offering cproject to Project Build Discarder
Processing javaproject
Offering javaproject to Project Build Discarder
Finished at Thu Mar 03 08:04:32 UTC 2022. 1ms
Started at Thu Mar 03 09:04:32 UTC 2022
Processing cproject
Offering cproject to Project Build Discarder
Processing javaproject
Offering javaproject to Project Build Discarder
Finished at Thu Mar 03 09:04:32 UTC 2022. 0ms
Started at Thu Mar 03 10:04:32 UTC 2022
Processing cproject
Offering cproject to Project Build Discarder
Processing javaproject
Offering javaproject to Project Build Discarder
Finished at Thu Mar 03 10:04:32 UTC 2022. 0ms
Started at Thu Mar 03 11:04:32 UTC 2022
Processing cproject
Offering cproject to Project Build Discarder
Processing javaproject
Offering javaproject to Project Build Discarder
Finished at Thu Mar 03 11:04:32 UTC 2022. 0ms
Started at Thu Mar 03 12:04:32 UTC 2022
Processing cproject
Offering cproject to Project Build Discarder
Processing javaproject
Offering javaproject to Project Build Discarder
Finished at Thu Mar 03 12:04:32 UTC 2022. 1ms
Started at Thu Mar 03 13:04:32 UTC 2022
Processing cproject
Offering cproject to Project Build Discarder
Processing javaproject
Offering javaproject to Project Build Discarder
Finished at Thu Mar 03 13:04:32 UTC 2022. 1ms
Started at Thu Mar 03 14:04:32 UTC 2022
Processing cproject
Offering cproject to Project Build Discarder
Processing javaproject
Offering javaproject to Project Build Discarder
Finished at Thu Mar 03 14:04:32 UTC 2022. 0ms
Started at Thu Mar 03 15:04:32 UTC 2022
Processing cproject
Offering cproject to Project Build Discarder
Processing javaproject
Offering javaproject to Project Build Discarder
Finished at Thu Mar 03 15:04:32 UTC 2022. 1ms
Started at Thu Mar 03 16:04:32 UTC 2022
Processing cproject
Offering cproject to Project Build Discarder
Processing javaproject
Offering javaproject to Project Build Discarder
Finished at Thu Mar 03 16:04:32 UTC 2022. 0ms
